0
0
0
0
0
1
1
1
1
1
3
3
3
3
3
7
7
7
7
7
15
15
15
15
15
30
29
31
30
31
63
62
62
63
61
126
122
125
122
126
248
245
255
255
252
505
497
502
489
494
1002
1020
1010
1007
997
2040
1945
2014
2009
2025
3958
4085
3973
4007
3974
8159
7803
7929
8090
7740
15613
15723
15793
15803
16197
32448
31277
32047
32533
31699
63516
64749
65211
64609
64764
126210
127313
128884
125759
127664
254106
257900
251847
257705
259640
518340
506731
507671
502129
508913
1015416
1030685
1018520
1037880
1030990
2050225
2001281
2048350
1988877
2081448
4075404
4126584
4017635
4005432
4099366
8175044
8240307
8190571
8347015
8291353
16303167
15530824
16421637
16382144
16477730
33312561
32784712
33184465
32330170
31394007
65364551
65986077
65593175
64892393
65150198
132746169
132769117
129871790
132478620
132222925
257897220
263187071
264932545
259581419
265648353
509361857
528559709
521448634
526115872
505294648
1026415689
1058870664
1056334219
1038761213
1047403512
2067479814
2097874339
2121025664
2087403914
1997880996
4226995744
4219046065
4243830471
4247411023
4228028079
8346098254
8375401556
8568358564
8584120464
8374384862
16881781358
17006828468
16830729140
17046342776
16371902647
33983078085
33998398967
34172160299
33672091345
33308943745
66578892028
66505551864
67428977197
67165241019
67743713441
134586490013
135810433750
136450126330
133666945090
133819422044
267601867942
271224681228
261451906055
260259950379
272090108085
536289290065
509871585350
533415929051
536827106028
540799663293
1086194247184
1071461884234
1091347933863
1076832264370
1091705175988
2065472498124
2143131741580
2184960598741
2128894919233
2151222303527
4137289485067
4329558657813
4285583829260
4318174152501
4365821426338
8459863556163
8660758300402
8667667983900
8289746890199
8657360925499
17455363709954
16959318504625
17313914675616
16340702995519
16523827309008
34526390731087
33699503892069
33724636063866
34765338254548
33542250268539
68898299755092
68007730490837
67926504929068
67155789212442
69054281111371
140213078678832
139502535936197
136657027041311
136062705441613
134910041210714
277960154122798
277770760970666
280539060521815
276330093442558
262291248817703
554325541787678
551245957139994
539776503371049
550673140609219
526191057046912
1094597247431943
1110546024943217
1092031305446726
1077272252820216
1091002405630791
2210059072846530
2071602972115250
2175842044892728
2202056806946039
2235856057217956
4388899409132255
4480880466024396
4288653666396846
4275037104504183
4420305796693636
8780393293378662
8793651152641218
8599047463604358
8767030662180087
8421493373788809
17838651385830560
17760126177440031
17614532002880851
17798049438707151
17633287550290440
35923348449991127
34569632139228282
34826170752703240
35423053069730698
34528711111287978
71132277979951590
71232199416190101
71186983566576205
68851014545384392
70500034747261943
138571186761914104
142309759546951121
140032054468027311
142242144774041417
139943634574298207
277973377486583318
281331873813616880
284029090553929714
281678903566042240
284700488516094121
493985582463323632
468814429976292256
487698247956543351
498815341117621425
479356253278526724
499956540379645700
85
135
86
143
245
107
108
168
133
147
191
212
184
179
235
167
192
273
199
397
222
266
231
437
268
448
283
406
470
398
86
320
440
198
308
372
229
151
242
208
217
275
200
239
308
253
470
208
290
221
414
364
245
239
326
295
348
359
290
437
702
372
95
464
365
149
247
316
267
440
513
215
441
224
305
469
249
421
331
336
325
468
485
381
480
361
497
362
416
477
807
447
89
611
438
666
679
596
153
208
252
798
218
364
294
254
606
448
268
749
351
436
467
404
645
556
326
671
590
495
265
994
206
464
856
203
725
589
170
523
432
558
476
292
413
745
332
630
345
336
706
334
305
375
482
505
345
395
556
377
1422
104
394
871
744
661
170
933
199
606
871
522
292
924
562
814
1071
719
316
930
574
372
442
1306
1234
1022
857
413
1004
435
1060
186
500
171
848
1029
545
1439
1467
1119
486
891
1211
1054
880
629
298
944
362
636
367
986
954
385
647
797
549
396
1059
532
212
504
1124
1062
1459
709
692
1583
354
207
522
246
1434
484
1231
879
1688
547
343
1513
319
1050
433
692
448
1016
367
1010
521
439
1060
1596
354
2003
728
693
1199
989
614
1319
1514
1486
1313
1169
1763
995
1789
1848
706
1459
1545
1021
1791
1444
898
833
1754
523
476
690
1462
1801
1639
466
152
148
1321
983
1329
1573
672
222
2082
386
1066
1345
301
967
1308
1306
624
1161
577
793
1536
1833
742
405
899
1139
154963
318533779676884
117984872388770
146796607538019
163936441861790
43354499977606
357059659932572
151020108037856
220468249242214
346729053433751
111518314597805
1186956293772697
1554507973166302
181778836372419
1930433866283684
1687486379293248
923442729145331
2085944792017110
710277873268193
1333715204278271
1909017005720299
194106307454
194106403310
194106254842
194106598660
194105870353
194105861979
194106666246
194106132431
194106312121
194106080026
194106223972
194106665671
194106516489
194105851365
194105812806
194106427798
194105788246
194106166229
194106288628
194106673014
194106419983
194106056051
194106597130
194105929406
194106561169
194105823735
194105786990
194105973057
194106138921
194106034128
194105797448
194106377561
194105965761
194106497706
194106395910
194106458076
194106690846
194106344370
194105905033
194106686475
194105831234
194106275036
194106410993
194105974001
194254265831
194106045872
194117987890
194105862117
194106324860
194105854512
194105892767
194106724775
199520050695
194106604791
194106291854
194106243590
194105976920
194106251177
194106094857
194105878806
194106709988
194106075253
194105890500
194105830017
194105815573
499993556839687554
