468401710238185311
487390366483064640
476323905400442782
495572771573910800
490085632852318566
482191760213562931
493302681704004285
485501818982124852
493084396915885608
491855141778300721
484413681999266290
496678131431971654
488133993225504753
480461486586110705
488854571599681737
468606454746153996
489161012363986741
486380240613777204
481359434569735338
492769361618533693
487716435022983816
493891091488707450
479168521676286542
488844021550722744
490268396759017441
492995403707996697
472539091677159904
493903700315597434
496126960860097617
485205228261237102
482931746120866786
487415031970707858
499420307918422911
488415463330439849
494275167416914824
491734321846338759
482365955044367581
477263807616369975
490311594782340521
494365379595121420
489355944431094415
489937109311231197
496552058643287171
476063883553232283
479161103355264508
495046752672331902
495474909430443553
468051826060058672
492545130540473006
480872866806383457
486580956181332288
485774105877966625
496265114478258200
491714843115792838
465760344266071669
478234080904746679
489060403798135627
481029146276528188
479842066705229128
486830012677392431
478699854720698968
495720805169044288
483635998929807492
492036936741989221
496530139887531537
492054897973415438
491375816396207187
499464053266297599
494506960314441416
464986077196067388
487570920249811070
488493704652956553
489213045491642978
475991218132342373
485567572184793916
485800197903753417
487503789292791476
493906417840207264
485203928520014416
493249018729973183
493041555525408932
485566078458831520
487069013866944735
499338273752651052
488802275319430875
492805625430186589
478772675279078442
497213148010100164
485828807670028777
493618007599697717
492963267358914941
465418801980882057
481687976490385398
493879978701562498
495283759634185609
493470824073591744
495270567092948965
477408146708195617
478460490390786924
496764965960839536
